<?xml version="1.0" encoding="UTF-8"?>
<!-- Generated by org.testng.reporters.JUnitXMLReporter -->
<testsuite hostname="Priyanka-PC" ignored="0" name="Default test" tests="3" failures="0" timestamp="04 Apr 2020 09:02:46 GMT" time="15.454" errors="0">
  <testcase name="tc_001" time="10.359" classname="com.keywordframework.tests.TestJson"/>
  <testcase name="tc_002" time="4.065" classname="com.keywordframework.tests.TestJson"/>
  <testcase name="tc_003" time="0.944" classname="com.keywordframework.tests.TestJson"/>
</testsuite> <!-- Default test -->
