<?xml version="1.0" encoding="UTF-8"?>
<testng-results skipped="0" failed="0" ignored="0" total="3" passed="3">
  <reporter-output>
  </reporter-output>
  <suite name="Default suite" duration-ms="15454" started-at="2020-04-04T09:02:30Z" finished-at="2020-04-04T09:02:46Z">
    <groups>
    </groups>
    <test name="Default test" duration-ms="15454" started-at="2020-04-04T09:02:30Z" finished-at="2020-04-04T09:02:46Z">
      <class name="com.keywordframework.tests.TestJson">
        <test-method status="PASS" signature="tc_001()[pri:0, instance:com.keywordframework.tests.TestJson@45820e51]" name="tc_001" duration-ms="10359" started-at="2020-04-04T09:02:30Z" finished-at="2020-04-04T09:02:41Z">
          <reporter-output>
          </reporter-output>
        </test-method> <!-- tc_001 -->
        <test-method status="PASS" signature="tc_002()[pri:0, instance:com.keywordframework.tests.TestJson@45820e51]" name="tc_002" duration-ms="4065" started-at="2020-04-04T09:02:41Z" description="VerifyURL" finished-at="2020-04-04T09:02:45Z">
          <reporter-output>
          </reporter-output>
        </test-method> <!-- tc_002 -->
        <test-method status="PASS" signature="tc_003()[pri:0, instance:com.keywordframework.tests.TestJson@45820e51]" name="tc_003" duration-ms="944" started-at="2020-04-04T09:02:45Z" finished-at="2020-04-04T09:02:46Z">
          <reporter-output>
          </reporter-output>
        </test-method> <!-- tc_003 -->
      </class> <!-- com.keywordframework.tests.TestJson -->
    </test> <!-- Default test -->
  </suite> <!-- Default suite -->
</testng-results>
